2016-04-18 22:23:54,748 ERROR [org.pentaho.platform.repository2.unified.BackingRepositoryLifecycleManagerSystemListener] 
org.springframework.beans.factory.BeanCreationException: Error creating bean with name 'backingRepositoryLifecycleManager' defined in file [C:\Users\Claudio\Pentaho\biserver-ce\pentaho-solutions\system\repository.spring.xml]: Cannot resolve reference to bean 'defaultBackingRepositoryLifecycleManager' while setting constructor argument with key [0]; nested exception is org.springframework.beans.factory.BeanCreationException: Error creating bean with name 'defaultBackingRepositoryLifecycleManager' defined in file [C:\Users\Claudio\Pentaho\biserver-ce\pentaho-solutions\system\repository.spring.xml]: Cannot resolve reference to bean 'repositoryFileDao' while setting constructor argument; nested exception is org.springframework.beans.factory.BeanCreationException: Error creating bean with name 'repositoryFileDao' defined in file [C:\Users\Claudio\Pentaho\biserver-ce\pentaho-solutions\system\repository.spring.xml]: Cannot resolve reference to bean 'jcrTemplate' while setting constructor argument; nested exception is org.springframework.beans.factory.BeanCreationException: Error creating bean with name 'jcrTemplate' defined in file [C:\Users\Claudio\Pentaho\biserver-ce\pentaho-solutions\system\repository.spring.xml]: Cannot resolve reference to bean 'jcrSessionFactory' while setting bean property 'sessionFactory'; nested exception is org.springframework.beans.factory.BeanCreationException: Error creating bean with name 'jcrSessionFactory' defined in file [C:\Users\Claudio\Pentaho\biserver-ce\pentaho-solutions\system\repository.spring.xml]: Cannot resolve reference to bean 'jcrRepository' while setting constructor argument; nested exception is org.springframework.beans.factory.BeanCreationException: Error creating bean with name 'jcrRepository' defined in file [C:\Users\Claudio\Pentaho\biserver-ce\pentaho-solutions\system\repository.spring.xml]: Invocation of init method failed; nested exception is javax.jcr.RepositoryException: The repository home C:\Users\Claudio\Pentaho\biserver-ce\pentaho-solutions\system\jackrabbit\repository appears to be in use since the file named .lock is already locked by the current process.
	at org.springframework.beans.factory.support.BeanDefinitionValueResolver.resolveReference(BeanDefinitionValueResolver.java:275)
	at org.springframework.beans.factory.support.BeanDefinitionValueResolver.resolveValueIfNecessary(BeanDefinitionValueResolver.java:104)
	at org.springframework.beans.factory.support.BeanDefinitionValueResolver.resolveManagedList(BeanDefinitionValueResolver.java:287)
	at org.springframework.beans.factory.support.BeanDefinitionValueResolver.resolveValueIfNecessary(BeanDefinitionValueResolver.java:126)
	at org.springframework.beans.factory.support.ConstructorResolver.resolveConstructorArguments(ConstructorResolver.java:495)
	at org.springframework.beans.factory.support.ConstructorResolver.autowireConstructor(ConstructorResolver.java:162)
	at org.springframework.beans.factory.support.AbstractAutowireCapableBeanFactory.autowireConstructor(AbstractAutowireCapableBeanFactory.java:925)
	at org.springframework.beans.factory.support.AbstractAutowireCapableBeanFactory.createBeanInstance(AbstractAutowireCapableBeanFactory.java:835)
	at org.springframework.beans.factory.support.AbstractAutowireCapableBeanFactory.doCreateBean(AbstractAutowireCapableBeanFactory.java:440)
	at org.springframework.beans.factory.support.AbstractAutowireCapableBeanFactory$1.run(AbstractAutowireCapableBeanFactory.java:409)
	at java.security.AccessController.doPrivileged(Native Method)
	at org.springframework.beans.factory.support.AbstractAutowireCapableBeanFactory.createBean(AbstractAutowireCapableBeanFactory.java:380)
	at org.springframework.beans.factory.support.AbstractBeanFactory$1.getObject(AbstractBeanFactory.java:264)
	at org.springframework.beans.factory.support.DefaultSingletonBeanRegistry.getSingleton(DefaultSingletonBeanRegistry.java:222)
	at org.springframework.beans.factory.support.AbstractBeanFactory.doGetBean(AbstractBeanFactory.java:261)
	at org.springframework.beans.factory.support.AbstractBeanFactory.getBean(AbstractBeanFactory.java:185)
	at org.springframework.beans.factory.support.AbstractBeanFactory.getBean(AbstractBeanFactory.java:164)
	at org.pentaho.platform.engine.core.system.objfac.spring.SpringPentahoObjectReference.getObject(SpringPentahoObjectReference.java:69)
	at org.pentaho.platform.engine.core.system.objfac.AggregateObjectFactory.get(AggregateObjectFactory.java:276)
	at org.pentaho.platform.engine.core.system.objfac.AggregateObjectFactory.get(AggregateObjectFactory.java:136)
	at org.pentaho.platform.engine.core.system.PentahoSystem.get(PentahoSystem.java:721)
	at org.pentaho.platform.engine.core.system.PentahoSystem.get(PentahoSystem.java:622)
	at org.pentaho.platform.repository2.unified.BackingRepositoryLifecycleManagerSystemListener.startup(BackingRepositoryLifecycleManagerSystemListener.java:57)
	at org.pentaho.platform.engine.core.system.PentahoSystem$2.call(PentahoSystem.java:421)
	at org.pentaho.platform.engine.core.system.PentahoSystem$2.call(PentahoSystem.java:412)
	at org.pentaho.platform.engine.core.system.PentahoSystem.runAsSystem(PentahoSystem.java:391)
	at org.pentaho.platform.engine.core.system.PentahoSystem.notifySystemListenersOfStartup(PentahoSystem.java:412)
	at org.pentaho.platform.engine.core.system.PentahoSystem.access$000(PentahoSystem.java:77)
	at org.pentaho.platform.engine.core.system.PentahoSystem$1.call(PentahoSystem.java:343)
	at org.pentaho.platform.engine.core.system.PentahoSystem$1.call(PentahoSystem.java:340)
	at org.pentaho.platform.engine.core.system.PentahoSystem.runAsSystem(PentahoSystem.java:391)
	at org.pentaho.platform.engine.core.system.PentahoSystem.notifySystemListenersOfStartup(PentahoSystem.java:340)
	at org.pentaho.platform.engine.core.system.PentahoSystem.init(PentahoSystem.java:311)
	at org.pentaho.platform.engine.core.system.PentahoSystem.init(PentahoSystem.java:212)
	at org.pentaho.platform.web.http.context.SolutionContextListener.contextInitialized(SolutionContextListener.java:135)
	at org.apache.catalina.core.StandardContext.listenerStart(StandardContext.java:4210)
	at org.apache.catalina.core.StandardContext.start(StandardContext.java:4709)
	at org.apache.catalina.startup.HostConfig.checkResources(HostConfig.java:1284)
	at org.apache.catalina.startup.HostConfig.check(HostConfig.java:1382)
	at org.apache.catalina.startup.HostConfig.lifecycleEvent(HostConfig.java:306)
	at org.apache.catalina.util.LifecycleSupport.fireLifecycleEvent(LifecycleSupport.java:142)
	at org.apache.catalina.core.ContainerBase.backgroundProcess(ContainerBase.java:1392)
	at org.apache.catalina.core.ContainerBase$ContainerBackgroundProcessor.processChildren(ContainerBase.java:1656)
	at org.apache.catalina.core.ContainerBase$ContainerBackgroundProcessor.processChildren(ContainerBase.java:1665)
	at org.apache.catalina.core.ContainerBase$ContainerBackgroundProcessor.run(ContainerBase.java:1645)
	at java.lang.Thread.run(Thread.java:745)
Caused by: org.springframework.beans.factory.BeanCreationException: Error creating bean with name 'defaultBackingRepositoryLifecycleManager' defined in file [C:\Users\Claudio\Pentaho\biserver-ce\pentaho-solutions\system\repository.spring.xml]: Cannot resolve reference to bean 'repositoryFileDao' while setting constructor argument; nested exception is org.springframework.beans.factory.BeanCreationException: Error creating bean with name 'repositoryFileDao' defined in file [C:\Users\Claudio\Pentaho\biserver-ce\pentaho-solutions\system\repository.spring.xml]: Cannot resolve reference to bean 'jcrTemplate' while setting constructor argument; nested exception is org.springframework.beans.factory.BeanCreationException: Error creating bean with name 'jcrTemplate' defined in file [C:\Users\Claudio\Pentaho\biserver-ce\pentaho-solutions\system\repository.spring.xml]: Cannot resolve reference to bean 'jcrSessionFactory' while setting bean property 'sessionFactory'; nested exception is org.springframework.beans.factory.BeanCreationException: Error creating bean with name 'jcrSessionFactory' defined in file [C:\Users\Claudio\Pentaho\biserver-ce\pentaho-solutions\system\repository.spring.xml]: Cannot resolve reference to bean 'jcrRepository' while setting constructor argument; nested exception is org.springframework.beans.factory.BeanCreationException: Error creating bean with name 'jcrRepository' defined in file [C:\Users\Claudio\Pentaho\biserver-ce\pentaho-solutions\system\repository.spring.xml]: Invocation of init method failed; nested exception is javax.jcr.RepositoryException: The repository home C:\Users\Claudio\Pentaho\biserver-ce\pentaho-solutions\system\jackrabbit\repository appears to be in use since the file named .lock is already locked by the current process.
	at org.springframework.beans.factory.support.BeanDefinitionValueResolver.resolveReference(BeanDefinitionValueResolver.java:275)
	at org.springframework.beans.factory.support.BeanDefinitionValueResolver.resolveValueIfNecessary(BeanDefinitionValueResolver.java:104)
	at org.springframework.beans.factory.support.ConstructorResolver.resolveConstructorArguments(ConstructorResolver.java:495)
	at org.springframework.beans.factory.support.ConstructorResolver.autowireConstructor(ConstructorResolver.java:162)
	at org.springframework.beans.factory.support.AbstractAutowireCapableBeanFactory.autowireConstructor(AbstractAutowireCapableBeanFactory.java:925)
	at org.springframework.beans.factory.support.AbstractAutowireCapableBeanFactory.createBeanInstance(AbstractAutowireCapableBeanFactory.java:835)
	at org.springframework.beans.factory.support.AbstractAutowireCapableBeanFactory.doCreateBean(AbstractAutowireCapableBeanFactory.java:440)
	at org.springframework.beans.factory.support.AbstractAutowireCapableBeanFactory$1.run(AbstractAutowireCapableBeanFactory.java:409)
	at java.security.AccessController.doPrivileged(Native Method)
	at org.springframework.beans.factory.support.AbstractAutowireCapableBeanFactory.createBean(AbstractAutowireCapableBeanFactory.java:380)
	at org.springframework.beans.factory.support.AbstractBeanFactory$1.getObject(AbstractBeanFactory.java:264)
	at org.springframework.beans.factory.support.DefaultSingletonBeanRegistry.getSingleton(DefaultSingletonBeanRegistry.java:222)
	at org.springframework.beans.factory.support.AbstractBeanFactory.doGetBean(AbstractBeanFactory.java:261)
	at org.springframework.beans.factory.support.AbstractBeanFactory.getBean(AbstractBeanFactory.java:185)
	at org.springframework.beans.factory.support.AbstractBeanFactory.getBean(AbstractBeanFactory.java:164)
	at org.springframework.beans.factory.support.BeanDefinitionValueResolver.resolveReference(BeanDefinitionValueResolver.java:269)
	... 45 more
Caused by: org.springframework.beans.factory.BeanCreationException: Error creating bean with name 'repositoryFileDao' defined in file [C:\Users\Claudio\Pentaho\biserver-ce\pentaho-solutions\system\repository.spring.xml]: Cannot resolve reference to bean 'jcrTemplate' while setting constructor argument; nested exception is org.springframework.beans.factory.BeanCreationException: Error creating bean with name 'jcrTemplate' defined in file [C:\Users\Claudio\Pentaho\biserver-ce\pentaho-solutions\system\repository.spring.xml]: Cannot resolve reference to bean 'jcrSessionFactory' while setting bean property 'sessionFactory'; nested exception is org.springframework.beans.factory.BeanCreationException: Error creating bean with name 'jcrSessionFactory' defined in file [C:\Users\Claudio\Pentaho\biserver-ce\pentaho-solutions\system\repository.spring.xml]: Cannot resolve reference to bean 'jcrRepository' while setting constructor argument; nested exception is org.springframework.beans.factory.BeanCreationException: Error creating bean with name 'jcrRepository' defined in file [C:\Users\Claudio\Pentaho\biserver-ce\pentaho-solutions\system\repository.spring.xml]: Invocation of init method failed; nested exception is javax.jcr.RepositoryException: The repository home C:\Users\Claudio\Pentaho\biserver-ce\pentaho-solutions\system\jackrabbit\repository appears to be in use since the file named .lock is already locked by the current process.
	at org.springframework.beans.factory.support.BeanDefinitionValueResolver.resolveReference(BeanDefinitionValueResolver.java:275)
	at org.springframework.beans.factory.support.BeanDefinitionValueResolver.resolveValueIfNecessary(BeanDefinitionValueResolver.java:104)
	at org.springframework.beans.factory.support.ConstructorResolver.resolveConstructorArguments(ConstructorResolver.java:495)
	at org.springframework.beans.factory.support.ConstructorResolver.autowireConstructor(ConstructorResolver.java:162)
	at org.springframework.beans.factory.support.AbstractAutowireCapableBeanFactory.autowireConstructor(AbstractAutowireCapableBeanFactory.java:925)
	at org.springframework.beans.factory.support.AbstractAutowireCapableBeanFactory.createBeanInstance(AbstractAutowireCapableBeanFactory.java:835)
	at org.springframework.beans.factory.support.AbstractAutowireCapableBeanFactory.doCreateBean(AbstractAutowireCapableBeanFactory.java:440)
	at org.springframework.beans.factory.support.AbstractAutowireCapableBeanFactory$1.run(AbstractAutowireCapableBeanFactory.java:409)
	at java.security.AccessController.doPrivileged(Native Method)
	at org.springframework.beans.factory.support.AbstractAutowireCapableBeanFactory.createBean(AbstractAutowireCapableBeanFactory.java:380)
	at org.springframework.beans.factory.support.AbstractBeanFactory$1.getObject(AbstractBeanFactory.java:264)
	at org.springframework.beans.factory.support.DefaultSingletonBeanRegistry.getSingleton(DefaultSingletonBeanRegistry.java:222)
	at org.springframework.beans.factory.support.AbstractBeanFactory.doGetBean(AbstractBeanFactory.java:261)
	at org.springframework.beans.factory.support.AbstractBeanFactory.getBean(AbstractBeanFactory.java:185)
	at org.springframework.beans.factory.support.AbstractBeanFactory.getBean(AbstractBeanFactory.java:164)
	at org.springframework.beans.factory.support.BeanDefinitionValueResolver.resolveReference(BeanDefinitionValueResolver.java:269)
	... 60 more
Caused by: org.springframework.beans.factory.BeanCreationException: Error creating bean with name 'jcrTemplate' defined in file [C:\Users\Claudio\Pentaho\biserver-ce\pentaho-solutions\system\repository.spring.xml]: Cannot resolve reference to bean 'jcrSessionFactory' while setting bean property 'sessionFactory'; nested exception is org.springframework.beans.factory.BeanCreationException: Error creating bean with name 'jcrSessionFactory' defined in file [C:\Users\Claudio\Pentaho\biserver-ce\pentaho-solutions\system\repository.spring.xml]: Cannot resolve reference to bean 'jcrRepository' while setting constructor argument; nested exception is org.springframework.beans.factory.BeanCreationException: Error creating bean with name 'jcrRepository' defined in file [C:\Users\Claudio\Pentaho\biserver-ce\pentaho-solutions\system\repository.spring.xml]: Invocation of init method failed; nested exception is javax.jcr.RepositoryException: The repository home C:\Users\Claudio\Pentaho\biserver-ce\pentaho-solutions\system\jackrabbit\repository appears to be in use since the file named .lock is already locked by the current process.
	at org.springframework.beans.factory.support.BeanDefinitionValueResolver.resolveReference(BeanDefinitionValueResolver.java:275)
	at org.springframework.beans.factory.support.BeanDefinitionValueResolver.resolveValueIfNecessary(BeanDefinitionValueResolver.java:104)
	at org.springframework.beans.factory.support.AbstractAutowireCapableBeanFactory.applyPropertyValues(AbstractAutowireCapableBeanFactory.java:1245)
	at org.springframework.beans.factory.support.AbstractAutowireCapableBeanFactory.populateBean(AbstractAutowireCapableBeanFactory.java:1010)
	at org.springframework.beans.factory.support.AbstractAutowireCapableBeanFactory.doCreateBean(AbstractAutowireCapableBeanFactory.java:472)
	at org.springframework.beans.factory.support.AbstractAutowireCapableBeanFactory$1.run(AbstractAutowireCapableBeanFactory.java:409)
	at java.security.AccessController.doPrivileged(Native Method)
	at org.springframework.beans.factory.support.AbstractAutowireCapableBeanFactory.createBean(AbstractAutowireCapableBeanFactory.java:380)
	at org.springframework.beans.factory.support.AbstractBeanFactory$1.getObject(AbstractBeanFactory.java:264)
	at org.springframework.beans.factory.support.DefaultSingletonBeanRegistry.getSingleton(DefaultSingletonBeanRegistry.java:222)
	at org.springframework.beans.factory.support.AbstractBeanFactory.doGetBean(AbstractBeanFactory.java:261)
	at org.springframework.beans.factory.support.AbstractBeanFactory.getBean(AbstractBeanFactory.java:185)
	at org.springframework.beans.factory.support.AbstractBeanFactory.getBean(AbstractBeanFactory.java:164)
	at org.springframework.beans.factory.support.BeanDefinitionValueResolver.resolveReference(BeanDefinitionValueResolver.java:269)
	... 75 more
Caused by: org.springframework.beans.factory.BeanCreationException: Error creating bean with name 'jcrSessionFactory' defined in file [C:\Users\Claudio\Pentaho\biserver-ce\pentaho-solutions\system\repository.spring.xml]: Cannot resolve reference to bean 'jcrRepository' while setting constructor argument; nested exception is org.springframework.beans.factory.BeanCreationException: Error creating bean with name 'jcrRepository' defined in file [C:\Users\Claudio\Pentaho\biserver-ce\pentaho-solutions\system\repository.spring.xml]: Invocation of init method failed; nested exception is javax.jcr.RepositoryException: The repository home C:\Users\Claudio\Pentaho\biserver-ce\pentaho-solutions\system\jackrabbit\repository appears to be in use since the file named .lock is already locked by the current process.
	at org.springframework.beans.factory.support.BeanDefinitionValueResolver.resolveReference(BeanDefinitionValueResolver.java:275)
	at org.springframework.beans.factory.support.BeanDefinitionValueResolver.resolveValueIfNecessary(BeanDefinitionValueResolver.java:104)
	at org.springframework.beans.factory.support.ConstructorResolver.resolveConstructorArguments(ConstructorResolver.java:495)
	at org.springframework.beans.factory.support.ConstructorResolver.autowireConstructor(ConstructorResolver.java:162)
	at org.springframework.beans.factory.support.AbstractAutowireCapableBeanFactory.autowireConstructor(AbstractAutowireCapableBeanFactory.java:925)
	at org.springframework.beans.factory.support.AbstractAutowireCapableBeanFactory.createBeanInstance(AbstractAutowireCapableBeanFactory.java:835)
	at org.springframework.beans.factory.support.AbstractAutowireCapableBeanFactory.doCreateBean(AbstractAutowireCapableBeanFactory.java:440)
	at org.springframework.beans.factory.support.AbstractAutowireCapableBeanFactory$1.run(AbstractAutowireCapableBeanFactory.java:409)
	at java.security.AccessController.doPrivileged(Native Method)
	at org.springframework.beans.factory.support.AbstractAutowireCapableBeanFactory.createBean(AbstractAutowireCapableBeanFactory.java:380)
	at org.springframework.beans.factory.support.AbstractBeanFactory$1.getObject(AbstractBeanFactory.java:264)
	at org.springframework.beans.factory.support.DefaultSingletonBeanRegistry.getSingleton(DefaultSingletonBeanRegistry.java:222)
	at org.springframework.beans.factory.support.AbstractBeanFactory.doGetBean(AbstractBeanFactory.java:261)
	at org.springframework.beans.factory.support.AbstractBeanFactory.getBean(AbstractBeanFactory.java:185)
	at org.springframework.beans.factory.support.AbstractBeanFactory.getBean(AbstractBeanFactory.java:164)
	at org.springframework.beans.factory.support.BeanDefinitionValueResolver.resolveReference(BeanDefinitionValueResolver.java:269)
	... 88 more
Caused by: org.springframework.beans.factory.BeanCreationException: Error creating bean with name 'jcrRepository' defined in file [C:\Users\Claudio\Pentaho\biserver-ce\pentaho-solutions\system\repository.spring.xml]: Invocation of init method failed; nested exception is javax.jcr.RepositoryException: The repository home C:\Users\Claudio\Pentaho\biserver-ce\pentaho-solutions\system\jackrabbit\repository appears to be in use since the file named .lock is already locked by the current process.
	at org.springframework.beans.factory.support.AbstractAutowireCapableBeanFactory.initializeBean(AbstractAutowireCapableBeanFactory.java:1338)
	at org.springframework.beans.factory.support.AbstractAutowireCapableBeanFactory.doCreateBean(AbstractAutowireCapableBeanFactory.java:473)
	at org.springframework.beans.factory.support.AbstractAutowireCapableBeanFactory$1.run(AbstractAutowireCapableBeanFactory.java:409)
	at java.security.AccessController.doPrivileged(Native Method)
	at org.springframework.beans.factory.support.AbstractAutowireCapableBeanFactory.createBean(AbstractAutowireCapableBeanFactory.java:380)
	at org.springframework.beans.factory.support.AbstractBeanFactory$1.getObject(AbstractBeanFactory.java:264)
	at org.springframework.beans.factory.support.DefaultSingletonBeanRegistry.getSingleton(DefaultSingletonBeanRegistry.java:222)
	at org.springframework.beans.factory.support.AbstractBeanFactory.doGetBean(AbstractBeanFactory.java:261)
	at org.springframework.beans.factory.support.AbstractBeanFactory.getBean(AbstractBeanFactory.java:185)
	at org.springframework.beans.factory.support.AbstractBeanFactory.getBean(AbstractBeanFactory.java:164)
	at org.springframework.beans.factory.support.BeanDefinitionValueResolver.resolveReference(BeanDefinitionValueResolver.java:269)
	... 103 more
Caused by: javax.jcr.RepositoryException: The repository home C:\Users\Claudio\Pentaho\biserver-ce\pentaho-solutions\system\jackrabbit\repository appears to be in use since the file named .lock is already locked by the current process.
	at org.apache.jackrabbit.core.util.RepositoryLock.tryLock(RepositoryLock.java:159)
	at org.apache.jackrabbit.core.util.RepositoryLock.acquire(RepositoryLock.java:138)
	at org.apache.jackrabbit.core.RepositoryImpl.<init>(RepositoryImpl.java:253)
	at org.apache.jackrabbit.core.RepositoryImpl.create(RepositoryImpl.java:589)
	at org.springframework.extensions.jcr.jackrabbit.RepositoryFactoryBean.createRepository(RepositoryFactoryBean.java:68)
	at org.springframework.extensions.jcr.RepositoryFactoryBean.afterPropertiesSet(RepositoryFactoryBean.java:61)
	at org.springframework.beans.factory.support.AbstractAutowireCapableBeanFactory.invokeInitMethods(AbstractAutowireCapableBeanFactory.java:1369)
	at org.springframework.beans.factory.support.AbstractAutowireCapableBeanFactory.initializeBean(AbstractAutowireCapableBeanFactory.java:1335)
	... 113 more
2016-04-18 22:23:54,757 ERROR [org.pentaho.platform.util.logging.Logger] Error: Pentaho
2016-04-18 22:23:54,757 ERROR [org.pentaho.platform.util.logging.Logger] misc-org.pentaho.platform.engine.core.system.PentahoSystem: org.pentaho.platform.api.engine.PentahoSystemException: PentahoSystem.ERROR_0014 - Error while trying to execute startup sequence for org.pentaho.platform.repository2.unified.BackingRepositoryLifecycleManagerSystemListener
org.pentaho.platform.api.engine.PentahoSystemException: org.pentaho.platform.api.engine.PentahoSystemException: PentahoSystem.ERROR_0014 - Error while trying to execute startup sequence for org.pentaho.platform.repository2.unified.BackingRepositoryLifecycleManagerSystemListener
	at org.pentaho.platform.engine.core.system.PentahoSystem.notifySystemListenersOfStartup(PentahoSystem.java:348)
	at org.pentaho.platform.engine.core.system.PentahoSystem.init(PentahoSystem.java:311)
	at org.pentaho.platform.engine.core.system.PentahoSystem.init(PentahoSystem.java:212)
	at org.pentaho.platform.web.http.context.SolutionContextListener.contextInitialized(SolutionContextListener.java:135)
	at org.apache.catalina.core.StandardContext.listenerStart(StandardContext.java:4210)
	at org.apache.catalina.core.StandardContext.start(StandardContext.java:4709)
	at org.apache.catalina.startup.HostConfig.checkResources(HostConfig.java:1284)
	at org.apache.catalina.startup.HostConfig.check(HostConfig.java:1382)
	at org.apache.catalina.startup.HostConfig.lifecycleEvent(HostConfig.java:306)
	at org.apache.catalina.util.LifecycleSupport.fireLifecycleEvent(LifecycleSupport.java:142)
	at org.apache.catalina.core.ContainerBase.backgroundProcess(ContainerBase.java:1392)
	at org.apache.catalina.core.ContainerBase$ContainerBackgroundProcessor.processChildren(ContainerBase.java:1656)
	at org.apache.catalina.core.ContainerBase$ContainerBackgroundProcessor.processChildren(ContainerBase.java:1665)
	at org.apache.catalina.core.ContainerBase$ContainerBackgroundProcessor.run(ContainerBase.java:1645)
	at java.lang.Thread.run(Thread.java:745)
Caused by: org.pentaho.platform.api.engine.PentahoSystemException: PentahoSystem.ERROR_0014 - Error while trying to execute startup sequence for org.pentaho.platform.repository2.unified.BackingRepositoryLifecycleManagerSystemListener
	at org.pentaho.platform.engine.core.system.PentahoSystem$2.call(PentahoSystem.java:430)
	at org.pentaho.platform.engine.core.system.PentahoSystem$2.call(PentahoSystem.java:412)
	at org.pentaho.platform.engine.core.system.PentahoSystem.runAsSystem(PentahoSystem.java:391)
	at org.pentaho.platform.engine.core.system.PentahoSystem.notifySystemListenersOfStartup(PentahoSystem.java:412)
	at org.pentaho.platform.engine.core.system.PentahoSystem.access$000(PentahoSystem.java:77)
	at org.pentaho.platform.engine.core.system.PentahoSystem$1.call(PentahoSystem.java:343)
	at org.pentaho.platform.engine.core.system.PentahoSystem$1.call(PentahoSystem.java:340)
	at org.pentaho.platform.engine.core.system.PentahoSystem.runAsSystem(PentahoSystem.java:391)
	at org.pentaho.platform.engine.core.system.PentahoSystem.notifySystemListenersOfStartup(PentahoSystem.java:340)
	... 14 more
Caused by: org.pentaho.platform.api.engine.PentahoSystemException: PentahoSystem.ERROR_0014 - Error while trying to execute startup sequence for org.pentaho.platform.repository2.unified.BackingRepositoryLifecycleManagerSystemListener
	at org.pentaho.platform.engine.core.system.PentahoSystem$2.call(PentahoSystem.java:422)
	... 22 more
2016-04-18 22:23:54,758 ERROR [org.pentaho.platform.util.logging.Logger] Error end:
2016-04-18 22:23:54,887 ERROR [pt.webdetails.cdf.dd.CdeEngine] Error initializing CdeEngine: [ org.springframework.beans.factory.BeanCreationException ] - Error creating bean with name 'IAuthorizationPolicy': FactoryBean threw exception on object creation; nested exception is org.springframework.beans.factory.BeanCreationException: Error creating bean with name 'authorizationPolicy' defined in file [C:\Users\Claudio\Pentaho\biserver-ce\pentaho-solutions\system\repository.spring.xml]: Cannot resolve reference to bean 'roleAuthorizationPolicyRoleBindingDaoTxn' while setting constructor argument; nested exception is org.springframework.beans.factory.BeanCreationException: Error creating bean with name 'roleAuthorizationPolicyRoleBindingDaoTxn' defined in file [C:\Users\Claudio\Pentaho\biserver-ce\pentaho-solutions\system\repository.spring.xml]: Cannot resolve reference to bean 'roleAuthorizationPolicyRoleBindingDaoTarget' while setting bean property 'target'; nested exception is org.springframework.beans.factory.BeanCreationException: Error creating bean with name 'roleAuthorizationPolicyRoleBindingDaoTarget' defined in file [C:\Users\Claudio\Pentaho\biserver-ce\pentaho-solutions\system\repository.spring.xml]: Cannot resolve reference to bean 'jcrTemplate' while setting constructor argument; nested exception is org.springframework.beans.factory.BeanCreationException: Error creating bean with name 'jcrTemplate' defined in file [C:\Users\Claudio\Pentaho\biserver-ce\pentaho-solutions\system\repository.spring.xml]: Cannot resolve reference to bean 'jcrSessionFactory' while setting bean property 'sessionFactory'; nested exception is org.springframework.beans.factory.BeanCreationException: Error creating bean with name 'jcrSessionFactory' defined in file [C:\Users\Claudio\Pentaho\biserver-ce\pentaho-solutions\system\repository.spring.xml]: Cannot resolve reference to bean 'jcrRepository' while setting constructor argument; nested exception is org.springframework.beans.factory.BeanCreationException: Error creating bean with name 'jcrRepository' defined in file [C:\Users\Claudio\Pentaho\biserver-ce\pentaho-solutions\system\repository.spring.xml]: Invocation of init method failed; nested exception is javax.jcr.RepositoryException: The repository home C:\Users\Claudio\Pentaho\biserver-ce\pentaho-solutions\system\jackrabbit\repository appears to be in use since the file named .lock is already locked by the current process. .( Cause [ org.springframework.beans.factory.BeanCreationException ] Error creating bean with name 'authorizationPolicy' defined in file [C:\Users\Claudio\Pentaho\biserver-ce\pentaho-solutions\system\repository.spring.xml]: Cannot resolve reference to bean 'roleAuthorizationPolicyRoleBindingDaoTxn' while setting constructor argument; nested exception is org.springframework.beans.factory.BeanCreationException: Error creating bean with name 'roleAuthorizationPolicyRoleBindingDaoTxn' defined in file [C:\Users\Claudio\Pentaho\biserver-ce\pentaho-solutions\system\repository.spring.xml]: Cannot resolve reference to bean 'roleAuthorizationPolicyRoleBindingDaoTarget' while setting bean property 'target'; nested exception is org.springframework.beans.factory.BeanCreationException: Error creating bean with name 'roleAuthorizationPolicyRoleBindingDaoTarget' defined in file [C:\Users\Claudio\Pentaho\biserver-ce\pentaho-solutions\system\repository.spring.xml]: Cannot resolve reference to bean 'jcrTemplate' while setting constructor argument; nested exception is org.springframework.beans.factory.BeanCreationException: Error creating bean with name 'jcrTemplate' defined in file [C:\Users\Claudio\Pentaho\biserver-ce\pentaho-solutions\system\repository.spring.xml]: Cannot resolve reference to bean 'jcrSessionFactory' while setting bean property 'sessionFactory'; nested exception is org.springframework.beans.factory.BeanCreationException: Error creating bean with name 'jcrSessionFactory' defined in file [C:\Users\Claudio\Pentaho\biserver-ce\pentaho-solutions\system\repository.spring.xml]: Cannot resolve reference to bean 'jcrRepository' while setting constructor argument; nested exception is org.springframework.beans.factory.BeanCreationException: Error creating bean with name 'jcrRepository' defined in file [C:\Users\Claudio\Pentaho\biserver-ce\pentaho-solutions\system\repository.spring.xml]: Invocation of init method failed; nested exception is javax.jcr.RepositoryException: The repository home C:\Users\Claudio\Pentaho\biserver-ce\pentaho-solutions\system\jackrabbit\repository appears to be in use since the file named .lock is already locked by the current process.
2016-04-18 22:23:55,052 ERROR [org.pentaho.platform.util.logging.Logger] Error: Pentaho
2016-04-18 22:23:55,052 ERROR [org.pentaho.platform.util.logging.Logger] misc-class org.pentaho.platform.plugin.services.pluginmgr.DefaultPluginManager: PluginManager.ERROR_0014 - Plugin pentaho-cdf failed to properly unload
java.lang.ExceptionInInitializerError
	at pt.webdetails.cpf.SimpleLifeCycleListener.unLoaded(SimpleLifeCycleListener.java:42)
	at org.pentaho.platform.plugin.services.pluginmgr.PlatformPlugin.unLoaded(PlatformPlugin.java:216)
	at org.pentaho.platform.plugin.services.pluginmgr.DefaultPluginManager.unloadPlugins(DefaultPluginManager.java:128)
	at org.pentaho.platform.plugin.services.pluginmgr.DefaultPluginManager.unloadAllPlugins(DefaultPluginManager.java:770)
	at org.pentaho.platform.plugin.services.pluginmgr.PluginAdapter.shutdown(PluginAdapter.java:47)
	at org.pentaho.platform.engine.core.system.PentahoSystem.shutdown(PentahoSystem.java:1027)
	at org.pentaho.platform.web.http.context.SolutionContextListener.contextDestroyed(SolutionContextListener.java:243)
	at org.apache.catalina.core.StandardContext.listenerStop(StandardContext.java:4249)
	at org.apache.catalina.core.StandardContext.stop(StandardContext.java:4890)
	at org.apache.catalina.core.StandardContext.start(StandardContext.java:4754)
	at org.apache.catalina.startup.HostConfig.checkResources(HostConfig.java:1284)
	at org.apache.catalina.startup.HostConfig.check(HostConfig.java:1382)
	at org.apache.catalina.startup.HostConfig.lifecycleEvent(HostConfig.java:306)
	at org.apache.catalina.util.LifecycleSupport.fireLifecycleEvent(LifecycleSupport.java:142)
	at org.apache.catalina.core.ContainerBase.backgroundProcess(ContainerBase.java:1392)
	at org.apache.catalina.core.ContainerBase$ContainerBackgroundProcessor.processChildren(ContainerBase.java:1656)
	at org.apache.catalina.core.ContainerBase$ContainerBackgroundProcessor.processChildren(ContainerBase.java:1665)
	at org.apache.catalina.core.ContainerBase$ContainerBackgroundProcessor.run(ContainerBase.java:1645)
	at java.lang.Thread.run(Thread.java:745)
Caused by: java.lang.NullPointerException
	at pt.webdetails.cpf.PluginEnvironment.repository(PluginEnvironment.java:29)
	at pt.webdetails.cpf.CpfProperties.getInstance(CpfProperties.java:45)
	at pt.webdetails.cpf.persistence.PersistenceEngine.<clinit>(PersistenceEngine.java:62)
	... 19 more
2016-04-18 22:23:55,053 ERROR [org.pentaho.platform.util.logging.Logger] Error end:
