2016-04-18 22:38:06,692 ERROR [org.pentaho.platform.scheduler2.quartz.EmbeddedQuartzSystemListener] EmbeddedQuartzSystemListener.ERROR_0007_SQLERROR
org.apache.commons.dbcp.SQLNestedException: Cannot create PoolableConnectionFactory (S1000 General error java.lang.RuntimeException: database alias does not exist)
	at org.apache.commons.dbcp.BasicDataSource.createPoolableConnectionFactory(BasicDataSource.java:1549)
	at org.apache.commons.dbcp.BasicDataSource.createDataSource(BasicDataSource.java:1388)
	at org.apache.commons.dbcp.BasicDataSource.getConnection(BasicDataSource.java:1044)
	at org.pentaho.platform.scheduler2.quartz.EmbeddedQuartzSystemListener.verifyQuartzIsConfigured(EmbeddedQuartzSystemListener.java:158)
	at org.pentaho.platform.scheduler2.quartz.EmbeddedQuartzSystemListener.startup(EmbeddedQuartzSystemListener.java:100)
	at org.pentaho.platform.engine.core.system.PentahoSystem$2.call(PentahoSystem.java:421)
	at org.pentaho.platform.engine.core.system.PentahoSystem$2.call(PentahoSystem.java:412)
	at org.pentaho.platform.engine.core.system.PentahoSystem.runAsSystem(PentahoSystem.java:391)
	at org.pentaho.platform.engine.core.system.PentahoSystem.notifySystemListenersOfStartup(PentahoSystem.java:412)
	at org.pentaho.platform.engine.core.system.PentahoSystem.access$000(PentahoSystem.java:77)
	at org.pentaho.platform.engine.core.system.PentahoSystem$1.call(PentahoSystem.java:343)
	at org.pentaho.platform.engine.core.system.PentahoSystem$1.call(PentahoSystem.java:340)
	at org.pentaho.platform.engine.core.system.PentahoSystem.runAsSystem(PentahoSystem.java:391)
	at org.pentaho.platform.engine.core.system.PentahoSystem.notifySystemListenersOfStartup(PentahoSystem.java:340)
	at org.pentaho.platform.engine.core.system.PentahoSystem.init(PentahoSystem.java:311)
	at org.pentaho.platform.engine.core.system.PentahoSystem.init(PentahoSystem.java:212)
	at org.pentaho.platform.web.http.context.SolutionContextListener.contextInitialized(SolutionContextListener.java:135)
	at org.apache.catalina.core.StandardContext.listenerStart(StandardContext.java:4210)
	at org.apache.catalina.core.StandardContext.start(StandardContext.java:4709)
	at org.apache.catalina.core.ContainerBase.addChildInternal(ContainerBase.java:802)
	at org.apache.catalina.core.ContainerBase.addChild(ContainerBase.java:779)
	at org.apache.catalina.core.StandardHost.addChild(StandardHost.java:583)
	at org.apache.catalina.startup.HostConfig.deployDescriptor(HostConfig.java:675)
	at org.apache.catalina.startup.HostConfig.deployDescriptors(HostConfig.java:601)
	at org.apache.catalina.startup.HostConfig.deployApps(HostConfig.java:502)
	at org.apache.catalina.startup.HostConfig.start(HostConfig.java:1317)
	at org.apache.catalina.startup.HostConfig.lifecycleEvent(HostConfig.java:324)
	at org.apache.catalina.util.LifecycleSupport.fireLifecycleEvent(LifecycleSupport.java:142)
	at org.apache.catalina.core.ContainerBase.start(ContainerBase.java:1068)
	at org.apache.catalina.core.StandardHost.start(StandardHost.java:822)
	at org.apache.catalina.core.ContainerBase.start(ContainerBase.java:1060)
	at org.apache.catalina.core.StandardEngine.start(StandardEngine.java:463)
	at org.apache.catalina.core.StandardService.start(StandardService.java:525)
	at org.apache.catalina.core.StandardServer.start(StandardServer.java:759)
	at org.apache.catalina.startup.Catalina.start(Catalina.java:595)
	at sun.reflect.NativeMethodAccessorImpl.invoke0(Native Method)
	at sun.reflect.NativeMethodAccessorImpl.invoke(NativeMethodAccessorImpl.java:57)
	at sun.reflect.DelegatingMethodAccessorImpl.invoke(DelegatingMethodAccessorImpl.java:43)
	at java.lang.reflect.Method.invoke(Method.java:606)
	at org.apache.catalina.startup.Bootstrap.start(Bootstrap.java:289)
	at org.apache.catalina.startup.Bootstrap.main(Bootstrap.java:414)
Caused by: java.sql.SQLException: S1000 General error java.lang.RuntimeException: database alias does not exist
	at org.hsqldb.jdbc.Util.sqlException(Unknown Source)
	at org.hsqldb.jdbc.jdbcConnection.<init>(Unknown Source)
	at org.hsqldb.jdbcDriver.getConnection(Unknown Source)
	at org.hsqldb.jdbcDriver.connect(Unknown Source)
	at org.apache.commons.dbcp.DriverConnectionFactory.createConnection(DriverConnectionFactory.java:38)
	at org.apache.commons.dbcp.PoolableConnectionFactory.makeObject(PoolableConnectionFactory.java:582)
	at org.apache.commons.dbcp.BasicDataSource.validateConnectionFactory(BasicDataSource.java:1556)
	at org.apache.commons.dbcp.BasicDataSource.createPoolableConnectionFactory(BasicDataSource.java:1545)
	... 40 more
2016-04-18 22:38:06,701 ERROR [org.pentaho.platform.util.logging.Logger] Error: Pentaho
2016-04-18 22:38:06,701 ERROR [org.pentaho.platform.util.logging.Logger] misc-org.pentaho.platform.engine.core.system.PentahoSystem: org.pentaho.platform.api.engine.PentahoSystemException: PentahoSystem.ERROR_0014 - Error while trying to execute startup sequence for org.pentaho.platform.scheduler2.quartz.EmbeddedQuartzSystemListener
org.pentaho.platform.api.engine.PentahoSystemException: org.pentaho.platform.api.engine.PentahoSystemException: PentahoSystem.ERROR_0014 - Error while trying to execute startup sequence for org.pentaho.platform.scheduler2.quartz.EmbeddedQuartzSystemListener
	at org.pentaho.platform.engine.core.system.PentahoSystem.notifySystemListenersOfStartup(PentahoSystem.java:348)
	at org.pentaho.platform.engine.core.system.PentahoSystem.init(PentahoSystem.java:311)
	at org.pentaho.platform.engine.core.system.PentahoSystem.init(PentahoSystem.java:212)
	at org.pentaho.platform.web.http.context.SolutionContextListener.contextInitialized(SolutionContextListener.java:135)
	at org.apache.catalina.core.StandardContext.listenerStart(StandardContext.java:4210)
	at org.apache.catalina.core.StandardContext.start(StandardContext.java:4709)
	at org.apache.catalina.core.ContainerBase.addChildInternal(ContainerBase.java:802)
	at org.apache.catalina.core.ContainerBase.addChild(ContainerBase.java:779)
	at org.apache.catalina.core.StandardHost.addChild(StandardHost.java:583)
	at org.apache.catalina.startup.HostConfig.deployDescriptor(HostConfig.java:675)
	at org.apache.catalina.startup.HostConfig.deployDescriptors(HostConfig.java:601)
	at org.apache.catalina.startup.HostConfig.deployApps(HostConfig.java:502)
	at org.apache.catalina.startup.HostConfig.start(HostConfig.java:1317)
	at org.apache.catalina.startup.HostConfig.lifecycleEvent(HostConfig.java:324)
	at org.apache.catalina.util.LifecycleSupport.fireLifecycleEvent(LifecycleSupport.java:142)
	at org.apache.catalina.core.ContainerBase.start(ContainerBase.java:1068)
	at org.apache.catalina.core.StandardHost.start(StandardHost.java:822)
	at org.apache.catalina.core.ContainerBase.start(ContainerBase.java:1060)
	at org.apache.catalina.core.StandardEngine.start(StandardEngine.java:463)
	at org.apache.catalina.core.StandardService.start(StandardService.java:525)
	at org.apache.catalina.core.StandardServer.start(StandardServer.java:759)
	at org.apache.catalina.startup.Catalina.start(Catalina.java:595)
	at sun.reflect.NativeMethodAccessorImpl.invoke0(Native Method)
	at sun.reflect.NativeMethodAccessorImpl.invoke(NativeMethodAccessorImpl.java:57)
	at sun.reflect.DelegatingMethodAccessorImpl.invoke(DelegatingMethodAccessorImpl.java:43)
	at java.lang.reflect.Method.invoke(Method.java:606)
	at org.apache.catalina.startup.Bootstrap.start(Bootstrap.java:289)
	at org.apache.catalina.startup.Bootstrap.main(Bootstrap.java:414)
Caused by: org.pentaho.platform.api.engine.PentahoSystemException: PentahoSystem.ERROR_0014 - Error while trying to execute startup sequence for org.pentaho.platform.scheduler2.quartz.EmbeddedQuartzSystemListener
	at org.pentaho.platform.engine.core.system.PentahoSystem$2.call(PentahoSystem.java:430)
	at org.pentaho.platform.engine.core.system.PentahoSystem$2.call(PentahoSystem.java:412)
	at org.pentaho.platform.engine.core.system.PentahoSystem.runAsSystem(PentahoSystem.java:391)
	at org.pentaho.platform.engine.core.system.PentahoSystem.notifySystemListenersOfStartup(PentahoSystem.java:412)
	at org.pentaho.platform.engine.core.system.PentahoSystem.access$000(PentahoSystem.java:77)
	at org.pentaho.platform.engine.core.system.PentahoSystem$1.call(PentahoSystem.java:343)
	at org.pentaho.platform.engine.core.system.PentahoSystem$1.call(PentahoSystem.java:340)
	at org.pentaho.platform.engine.core.system.PentahoSystem.runAsSystem(PentahoSystem.java:391)
	at org.pentaho.platform.engine.core.system.PentahoSystem.notifySystemListenersOfStartup(PentahoSystem.java:340)
	... 27 more
Caused by: org.pentaho.platform.api.engine.PentahoSystemException: PentahoSystem.ERROR_0014 - Error while trying to execute startup sequence for org.pentaho.platform.scheduler2.quartz.EmbeddedQuartzSystemListener
	at org.pentaho.platform.engine.core.system.PentahoSystem$2.call(PentahoSystem.java:422)
	... 35 more
2016-04-18 22:38:06,708 ERROR [org.pentaho.platform.util.logging.Logger] Error end:
